1754399173.343649 client started (1757288): version 3.4, socket /tmp/tmux-1000/default, protocol 8
1754399173.343664 on Linux 6.8.0-58-generic #60~22.04.1-Ubuntu SMP PREEMPT_DYNAMIC Fri Mar 28 16:09:21 UTC 2
1754399173.343667 using libevent 2.1.12-stable poll
1754399173.343670 using ncurses 6.3 20211021
1754399173.343681 flags are 0x10010000
1754399173.343683 socket is /tmp/tmux-1000/default
1754399173.343690 trying connect
1754399173.343730 add peer 0x617feddd64d0: 6 ((nil))
1754399173.343875 sending message 100 to peer 0x617feddd64d0 (4 bytes)
1754399173.343883 sending message 111 to peer 0x617feddd64d0 (8 bytes)
1754399173.343885 sending message 101 to peer 0x617feddd64d0 (16 bytes)
1754399173.343887 sending message 109 to peer 0x617feddd64d0 (4 bytes)
1754399173.343889 sending message 102 to peer 0x617feddd64d0 (11 bytes)
1754399173.343891 sending message 108 to peer 0x617feddd64d0 (25 bytes)
1754399173.343892 sending message 112 to peer 0x617feddd64d0 (70 bytes)
1754399173.343894 sending message 112 to peer 0x617feddd64d0 (5 bytes)
1754399173.343896 sending message 112 to peer 0x617feddd64d0 (5 bytes)
1754399173.343897 sending message 112 to peer 0x617feddd64d0 (6 bytes)
1754399173.343899 sending message 112 to peer 0x617feddd64d0 (6 bytes)
1754399173.343900 sending message 112 to peer 0x617feddd64d0 (11 bytes)
1754399173.343902 sending message 112 to peer 0x617feddd64d0 (10 bytes)
1754399173.343903 sending message 112 to peer 0x617feddd64d0 (13 bytes)
1754399173.343905 sending message 112 to peer 0x617feddd64d0 (13 bytes)
1754399173.343906 sending message 112 to peer 0x617feddd64d0 (18 bytes)
1754399173.343908 sending message 112 to peer 0x617feddd64d0 (11 bytes)
1754399173.343909 sending message 112 to peer 0x617feddd64d0 (21 bytes)
1754399173.343911 sending message 112 to peer 0x617feddd64d0 (13 bytes)
1754399173.343912 sending message 112 to peer 0x617feddd64d0 (7 bytes)
1754399173.343914 sending message 112 to peer 0x617feddd64d0 (13 bytes)
1754399173.343916 sending message 112 to peer 0x617feddd64d0 (7 bytes)
1754399173.343917 sending message 112 to peer 0x617feddd64d0 (13 bytes)
1754399173.343919 sending message 112 to peer 0x617feddd64d0 (9 bytes)
1754399173.343925 sending message 112 to peer 0x617feddd64d0 (21 bytes)
1754399173.343926 sending message 112 to peer 0x617feddd64d0 (13 bytes)
1754399173.343928 sending message 112 to peer 0x617feddd64d0 (8 bytes)
1754399173.343929 sending message 112 to peer 0x617feddd64d0 (12 bytes)
1754399173.343931 sending message 112 to peer 0x617feddd64d0 (13 bytes)
1754399173.343932 sending message 112 to peer 0x617feddd64d0 (9 bytes)
1754399173.343934 sending message 112 to peer 0x617feddd64d0 (9 bytes)
1754399173.343935 sending message 112 to peer 0x617feddd64d0 (12 bytes)
1754399173.343937 sending message 112 to peer 0x617feddd64d0 (8 bytes)
1754399173.343939 sending message 112 to peer 0x617feddd64d0 (7 bytes)
1754399173.343940 sending message 112 to peer 0x617feddd64d0 (7 bytes)
1754399173.343942 sending message 112 to peer 0x617feddd64d0 (9 bytes)
1754399173.343943 sending message 112 to peer 0x617feddd64d0 (13 bytes)
1754399173.343945 sending message 112 to peer 0x617feddd64d0 (9 bytes)
1754399173.343946 sending message 112 to peer 0x617feddd64d0 (15 bytes)
1754399173.343948 sending message 112 to peer 0x617feddd64d0 (13 bytes)
1754399173.343950 sending message 112 to peer 0x617feddd64d0 (12 bytes)
1754399173.343952 sending message 112 to peer 0x617feddd64d0 (8 bytes)
1754399173.343953 sending message 112 to peer 0x617feddd64d0 (14 bytes)
1754399173.343955 sending message 112 to peer 0x617feddd64d0 (9 bytes)
1754399173.343956 sending message 112 to peer 0x617feddd64d0 (10 bytes)
1754399173.343958 sending message 112 to peer 0x617feddd64d0 (10 bytes)
1754399173.343959 sending message 112 to peer 0x617feddd64d0 (10 bytes)
1754399173.343961 sending message 112 to peer 0x617feddd64d0 (10 bytes)
1754399173.343962 sending message 112 to peer 0x617feddd64d0 (11 bytes)
1754399173.343964 sending message 112 to peer 0x617feddd64d0 (10 bytes)
1754399173.343965 sending message 112 to peer 0x617feddd64d0 (8 bytes)
1754399173.343972 sending message 112 to peer 0x617feddd64d0 (11 bytes)
1754399173.343973 sending message 112 to peer 0x617feddd64d0 (11 bytes)
1754399173.343975 sending message 112 to peer 0x617feddd64d0 (11 bytes)
1754399173.343976 sending message 112 to peer 0x617feddd64d0 (8 bytes)
1754399173.343979 sending message 112 to peer 0x617feddd64d0 (8 bytes)
1754399173.343980 sending message 112 to peer 0x617feddd64d0 (8 bytes)
1754399173.343982 sending message 112 to peer 0x617feddd64d0 (10 bytes)
1754399173.343983 sending message 112 to peer 0x617feddd64d0 (10 bytes)
1754399173.343985 sending message 112 to peer 0x617feddd64d0 (10 bytes)
1754399173.343986 sending message 112 to peer 0x617feddd64d0 (10 bytes)
1754399173.343988 sending message 112 to peer 0x617feddd64d0 (10 bytes)
1754399173.343989 sending message 112 to peer 0x617feddd64d0 (11 bytes)
1754399173.343991 sending message 112 to peer 0x617feddd64d0 (11 bytes)
1754399173.343993 sending message 112 to peer 0x617feddd64d0 (10 bytes)
1754399173.343994 sending message 112 to peer 0x617feddd64d0 (9 bytes)
1754399173.343996 sending message 112 to peer 0x617feddd64d0 (9 bytes)
1754399173.343997 sending message 112 to peer 0x617feddd64d0 (12 bytes)
1754399173.343999 sending message 112 to peer 0x617feddd64d0 (9 bytes)
1754399173.344000 sending message 112 to peer 0x617feddd64d0 (6 bytes)
1754399173.344002 sending message 112 to peer 0x617feddd64d0 (13 bytes)
1754399173.344003 sending message 112 to peer 0x617feddd64d0 (8 bytes)
1754399173.344005 sending message 112 to peer 0x617feddd64d0 (15 bytes)
1754399173.344006 sending message 112 to peer 0x617feddd64d0 (13 bytes)
1754399173.344008 sending message 112 to peer 0x617feddd64d0 (70 bytes)
1754399173.344010 sending message 112 to peer 0x617feddd64d0 (69 bytes)
1754399173.344011 sending message 112 to peer 0x617feddd64d0 (10 bytes)
1754399173.344013 sending message 112 to peer 0x617feddd64d0 (8 bytes)
1754399173.344014 sending message 112 to peer 0x617feddd64d0 (15 bytes)
1754399173.344016 sending message 112 to peer 0x617feddd64d0 (13 bytes)
1754399173.344018 sending message 112 to peer 0x617feddd64d0 (10 bytes)
1754399173.344019 sending message 112 to peer 0x617feddd64d0 (10 bytes)
1754399173.344021 sending message 112 to peer 0x617feddd64d0 (5 bytes)
1754399173.344022 sending message 112 to peer 0x617feddd64d0 (15 bytes)
1754399173.344024 sending message 104 to peer 0x617feddd64d0 (0 bytes)
1754399173.344026 sending message 110 to peer 0x617feddd64d0 (0 bytes)
1754399173.344028 sending message 107 to peer 0x617feddd64d0 (4 bytes)
1754399173.344029 sending message 105 to peer 0x617feddd64d0 (25 bytes)
1754399173.344031 sending message 105 to peer 0x617feddd64d0 (19 bytes)
1754399173.344032 sending message 105 to peer 0x617feddd64d0 (20 bytes)
1754399173.344034 sending message 105 to peer 0x617feddd64d0 (28 bytes)
1754399173.344035 sending message 105 to peer 0x617feddd64d0 (54 bytes)
1754399173.344037 sending message 105 to peer 0x617feddd64d0 (23 bytes)
1754399173.344039 sending message 105 to peer 0x617feddd64d0 (11 bytes)
1754399173.344040 sending message 105 to peer 0x617feddd64d0 (23 bytes)
1754399173.344042 sending message 105 to peer 0x617feddd64d0 (285 bytes)
1754399173.344044 sending message 105 to peer 0x617feddd64d0 (18 bytes)
1754399173.344046 sending message 105 to peer 0x617feddd64d0 (64 bytes)
1754399173.344047 sending message 105 to peer 0x617feddd64d0 (35 bytes)
1754399173.344049 sending message 105 to peer 0x617feddd64d0 (24 bytes)
1754399173.344051 sending message 105 to peer 0x617feddd64d0 (33 bytes)
1754399173.344052 sending message 105 to peer 0x617feddd64d0 (44 bytes)
1754399173.344054 sending message 105 to peer 0x617feddd64d0 (32 bytes)
1754399173.344055 sending message 105 to peer 0x617feddd64d0 (52 bytes)
1754399173.344057 sending message 105 to peer 0x617feddd64d0 (19 bytes)
1754399173.344059 sending message 105 to peer 0x617feddd64d0 (28 bytes)
1754399173.344060 sending message 105 to peer 0x617feddd64d0 (21 bytes)
1754399173.344062 sending message 105 to peer 0x617feddd64d0 (47 bytes)
1754399173.344065 sending message 105 to peer 0x617feddd64d0 (23 bytes)
1754399173.344067 sending message 105 to peer 0x617feddd64d0 (17 bytes)
1754399173.344069 sending message 105 to peer 0x617feddd64d0 (8 bytes)
1754399173.344070 sending message 105 to peer 0x617feddd64d0 (18 bytes)
1754399173.344072 sending message 105 to peer 0x617feddd64d0 (32 bytes)
1754399173.344074 sending message 105 to peer 0x617feddd64d0 (1519 bytes)
1754399173.344083 sending message 105 to peer 0x617feddd64d0 (16 bytes)
1754399173.344085 sending message 105 to peer 0x617feddd64d0 (26 bytes)
1754399173.344087 sending message 105 to peer 0x617feddd64d0 (55 bytes)
1754399173.344089 sending message 105 to peer 0x617feddd64d0 (16 bytes)
1754399173.344090 sending message 105 to peer 0x617feddd64d0 (29 bytes)
1754399173.344092 sending message 105 to peer 0x617feddd64d0 (64 bytes)
1754399173.344094 sending message 105 to peer 0x617feddd64d0 (32 bytes)
1754399173.344095 sending message 105 to peer 0x617feddd64d0 (17 bytes)
1754399173.344097 sending message 105 to peer 0x617feddd64d0 (11 bytes)
1754399173.344099 sending message 105 to peer 0x617feddd64d0 (1116 bytes)
1754399173.344101 sending message 105 to peer 0x617feddd64d0 (14 bytes)
1754399173.344103 sending message 105 to peer 0x617feddd64d0 (53 bytes)
1754399173.344104 sending message 105 to peer 0x617feddd64d0 (15 bytes)
1754399173.344106 sending message 105 to peer 0x617feddd64d0 (25 bytes)
1754399173.344108 sending message 105 to peer 0x617feddd64d0 (37 bytes)
1754399173.344110 sending message 105 to peer 0x617feddd64d0 (29 bytes)
1754399173.344111 sending message 105 to peer 0x617feddd64d0 (29 bytes)
1754399173.344113 sending message 105 to peer 0x617feddd64d0 (34 bytes)
1754399173.344115 sending message 105 to peer 0x617feddd64d0 (19 bytes)
1754399173.344116 sending message 105 to peer 0x617feddd64d0 (18 bytes)
1754399173.344118 sending message 105 to peer 0x617feddd64d0 (80 bytes)
1754399173.344120 sending message 105 to peer 0x617feddd64d0 (19 bytes)
1754399173.344122 sending message 105 to peer 0x617feddd64d0 (8 bytes)
1754399173.344123 sending message 105 to peer 0x617feddd64d0 (33 bytes)
1754399173.344125 sending message 105 to peer 0x617feddd64d0 (41 bytes)
1754399173.344127 sending message 105 to peer 0x617feddd64d0 (22 bytes)
1754399173.344128 sending message 105 to peer 0x617feddd64d0 (21 bytes)
1754399173.344130 sending message 105 to peer 0x617feddd64d0 (18 bytes)
1754399173.344133 sending message 105 to peer 0x617feddd64d0 (25 bytes)
1754399173.344135 sending message 105 to peer 0x617feddd64d0 (38 bytes)
1754399173.344136 sending message 105 to peer 0x617feddd64d0 (13 bytes)
1754399173.344138 sending message 105 to peer 0x617feddd64d0 (15 bytes)
1754399173.344140 sending message 105 to peer 0x617feddd64d0 (19 bytes)
1754399173.344141 sending message 105 to peer 0x617feddd64d0 (29 bytes)
1754399173.344143 sending message 105 to peer 0x617feddd64d0 (17 bytes)
1754399173.344144 sending message 105 to peer 0x617feddd64d0 (13 bytes)
1754399173.344146 sending message 105 to peer 0x617feddd64d0 (41 bytes)
1754399173.344148 sending message 105 to peer 0x617feddd64d0 (45 bytes)
1754399173.344149 sending message 105 to peer 0x617feddd64d0 (33 bytes)
1754399173.344151 sending message 105 to peer 0x617feddd64d0 (102 bytes)
1754399173.344153 sending message 105 to peer 0x617feddd64d0 (23 bytes)
1754399173.344155 sending message 105 to peer 0x617feddd64d0 (31 bytes)
1754399173.344156 sending message 105 to peer 0x617feddd64d0 (23 bytes)
1754399173.344158 sending message 105 to peer 0x617feddd64d0 (27 bytes)
1754399173.344159 sending message 105 to peer 0x617feddd64d0 (21 bytes)
1754399173.344161 sending message 105 to peer 0x617feddd64d0 (20 bytes)
1754399173.344162 sending message 105 to peer 0x617feddd64d0 (21 bytes)
1754399173.344164 sending message 105 to peer 0x617feddd64d0 (22 bytes)
1754399173.344166 sending message 105 to peer 0x617feddd64d0 (31 bytes)
1754399173.344167 sending message 105 to peer 0x617feddd64d0 (26 bytes)
1754399173.344169 sending message 105 to peer 0x617feddd64d0 (30 bytes)
1754399173.344173 sending message 105 to peer 0x617feddd64d0 (25 bytes)
1754399173.344179 sending message 105 to peer 0x617feddd64d0 (43 bytes)
1754399173.344181 sending message 105 to peer 0x617feddd64d0 (30 bytes)
1754399173.344182 sending message 105 to peer 0x617feddd64d0 (22 bytes)
1754399173.344184 sending message 105 to peer 0x617feddd64d0 (79 bytes)
1754399173.344186 sending message 106 to peer 0x617feddd64d0 (0 bytes)
1754399173.344207 sending message 200 to peer 0x617feddd64d0 (4 bytes)
1754399173.344212 client loop enter
1754399173.344443 peer 0x617feddd64d0 message 303
1754399173.344449 open write file 2 -
1754399173.344453 sending message 305 to peer 0x617feddd64d0 (8 bytes)
1754399173.344456 write check file 2
1754399173.344581 peer 0x617feddd64d0 message 304
1754399173.344583 write 58 to file 2
1754399173.344586 peer 0x617feddd64d0 message 203
1754399173.344587 file 2 58 bytes left
1754399173.344593 write check file 2
1754399173.344594 client loop exit
